<?xml version="1.0" encoding="UTF-8"?>
<robot generator="Robot 4.1.3 (Python 3.9.16 on linux)" generated="20240207 19:58:15.347" rpa="false" schemaversion="2">
<suite id="s1" name="Transform Run" source="/hmd_transform/input/test/01__transform_run.robot">
<test id="s1-t1" name="Test PDF Generation">
<kw name="Test Cleanup" type="SETUP">
<kw name="List Files In Directory" library="OperatingSystem">
<var>${files}</var>
<arg>./out_videos</arg>
<arg>!.gitkeep</arg>
<doc>Wrapper for `List Directory` that returns only files.</doc>
<msg timestamp="20240207 19:58:15.714" level="INFO" html="true">Listing contents of directory '&lt;a href="file:///hmd_transform/input/test/out_videos"&gt;/hmd_transform/input/test/out_videos&lt;/a&gt;'.</msg>
<msg timestamp="20240207 19:58:15.714" level="INFO">0 files:
</msg>
<msg timestamp="20240207 19:58:15.715" level="INFO">${files} = []</msg>
<status status="PASS" starttime="20240207 19:58:15.714" endtime="20240207 19:58:15.715"/>
</kw>
<kw name="Remove Files" library="OperatingSystem">
<arg>@{files}</arg>
<doc>Uses `Remove File` to remove multiple files one-by-one.</doc>
<status status="PASS" starttime="20240207 19:58:15.715" endtime="20240207 19:58:15.715"/>
</kw>
<status status="PASS" starttime="20240207 19:58:15.714" endtime="20240207 19:58:15.715"/>
</kw>
<kw name="Run Transform Container" library="hmd_lib_robot_shared.containers_lib.ContainerLib">
<arg>${HMD_CONTAINER_REGISTRY}/hmd-tf-video-blurring:0.1</arg>
<arg>${tf_context}</arg>
<msg timestamp="20240207 20:01:46.041" level="INFO">USING DOCKER</msg>
<status status="PASS" starttime="20240207 19:58:15.715" endtime="20240207 20:01:46.041"/>
</kw>
<doc>Runs built Transform Image</doc>
<tag>hmd_did:aaa</tag>
<tag>hmd_environment:local</tag>
<tag>hmd_instance_name:hmd_tf_video_blurring</tag>
<tag>hmd_repo_name:hmd-tf-video-blurring</tag>
<tag>hmd_repo_version:0.1</tag>
<status status="PASS" starttime="20240207 19:58:15.713" endtime="20240207 20:01:46.042"/>
</test>
<status status="PASS" starttime="20240207 19:58:15.348" endtime="20240207 20:01:46.043"/>
</suite>
<statistics>
<total>
<stat pass="1" fail="0" skip="0">All Tests</stat>
</total>
<tag>
<stat pass="1" fail="0" skip="0">hmd_did:aaa</stat>
<stat pass="1" fail="0" skip="0">hmd_environment:local</stat>
<stat pass="1" fail="0" skip="0">hmd_instance_name:hmd_tf_video_blurring</stat>
<stat pass="1" fail="0" skip="0">hmd_repo_name:hmd-tf-video-blurring</stat>
<stat pass="1" fail="0" skip="0">hmd_repo_version:0.1</stat>
</tag>
<suite>
<stat pass="1" fail="0" skip="0" id="s1" name="Transform Run">Transform Run</stat>
</suite>
</statistics>
<errors>
</errors>
</robot>
